# JRE version: OpenJDK Runtime Environment Temurin-17.0.10+7 (17.0.10+7) (build 17.0.10+7)
# Java VM: OpenJDK 64-Bit Server VM Temurin-17.0.10+7 (17.0.10+7, mixed mode, tiered, compressed oops, compressed class ptrs, parallel gc, windows-amd64)
GC Precious Log:
 CPUs: 6 total, 6 available
 Memory: 12158M
 Large Page Support: Disabled
 NUMA Support: Disabled
 Compressed Oops: Enabled (32-bit)
 Alignments: Space 512K, Generation 512K, Heap 2M
 Heap Min Capacity: 100M
 Heap Initial Capacity: 100M
 Heap Max Capacity: 1G
 Pre-touch: Disabled
 Parallel Workers: 6
Heap:
 PSYoungGen      total 9728K, used 656K [0x00000000eab00000, 0x00000000eb580000, 0x0000000100000000)
  eden space 8704K, 0% used [0x00000000eab00000,0x00000000eab00000,0x00000000eb380000)
  from space 1024K, 64% used [0x00000000eb380000,0x00000000eb4240d8,0x00000000eb480000)
  to   space 1024K, 0% used [0x00000000eb480000,0x00000000eb480000,0x00000000eb580000)
 ParOldGen       total 86528K, used 84850K [0x00000000c0000000, 0x00000000c5480000, 0x00000000eab00000)
  object space 86528K, 98% used [0x00000000c0000000,0x00000000c52dc9e8,0x00000000c5480000)
 Metaspace       used 73514K, committed 74688K, reserved 1179648K
  class space    used 7628K, committed 8128K, reserved 1048576K
GC Heap History (20 events):
Event: 10.895 GC heap after
{Heap after GC invocations=153 (full 6):
 PSYoungGen      total 10240K, used 1284K [0x00000000eab00000, 0x00000000eb680000, 0x0000000100000000)
  eden space 8704K, 0% used [0x00000000eab00000,0x00000000eab00000,0x00000000eb380000)
  from space 1536K, 83% used [0x00000000eb500000,0x00000000eb641220,0x00000000eb680000)
  to   space 1536K, 0% used [0x00000000eb380000,0x00000000eb380000,0x00000000eb500000)
 ParOldGen       total 86528K, used 73832K [0x00000000c0000000, 0x00000000c5480000, 0x00000000eab00000)
  object space 86528K, 85% used [0x00000000c0000000,0x00000000c481a080,0x00000000c5480000)
 Metaspace       used 72445K, committed 73728K, reserved 1179648K
  class space    used 7542K, committed 8064K, reserved 1048576K
}
Event: 10.915 GC heap before
{Heap before GC invocations=154 (full 6):
 PSYoungGen      total 10240K, used 9986K [0x00000000eab00000, 0x00000000eb680000, 0x0000000100000000)
  eden space 8704K, 99% used [0x00000000eab00000,0x00000000eb37f998,0x00000000eb380000)
  from space 1536K, 83% used [0x00000000eb500000,0x00000000eb641220,0x00000000eb680000)
  to   space 1536K, 0% used [0x00000000eb380000,0x00000000eb380000,0x00000000eb500000)
 ParOldGen       total 86528K, used 73832K [0x00000000c0000000, 0x00000000c5480000, 0x00000000eab00000)
  object space 86528K, 85% used [0x00000000c0000000,0x00000000c481a080,0x00000000c5480000)
 Metaspace       used 72474K, committed 73728K, reserved 1179648K
  class space    used 7544K, committed 8064K, reserved 1048576K
}
Event: 10.917 GC heap after
{Heap after GC invocations=154 (full 6):
 PSYoungGen      total 10240K, used 868K [0x00000000eab00000, 0x00000000eb680000, 0x0000000100000000)
  eden space 8704K, 0% used [0x00000000eab00000,0x00000000eab00000,0x00000000eb380000)
  from space 1536K, 56% used [0x00000000eb380000,0x00000000eb459210,0x00000000eb500000)
  to   space 1536K, 0% used [0x00000000eb500000,0x00000000eb500000,0x00000000eb680000)
 ParOldGen       total 86528K, used 74923K [0x00000000c0000000, 0x00000000c5480000, 0x00000000eab00000)
  object space 86528K, 86% used [0x00000000c0000000,0x00000000c492aca8,0x00000000c5480000)
 Metaspace       used 72474K, committed 73728K, reserved 1179648K
  class space    used 7544K, committed 8064K, reserved 1048576K
}
Event: 10.935 GC heap before
{Heap before GC invocations=155 (full 6):
 PSYoungGen      total 10240K, used 9572K [0x00000000eab00000, 0x00000000eb680000, 0x0000000100000000)
  eden space 8704K, 100% used [0x00000000eab00000,0x00000000eb380000,0x00000000eb380000)
  from space 1536K, 56% used [0x00000000eb380000,0x00000000eb459210,0x00000000eb500000)
  to   space 1536K, 0% used [0x00000000eb500000,0x00000000eb500000,0x00000000eb680000)
 ParOldGen       total 86528K, used 74923K [0x00000000c0000000, 0x00000000c5480000, 0x00000000eab00000)
  object space 86528K, 86% used [0x00000000c0000000,0x00000000c492aca8,0x00000000c5480000)
 Metaspace       used 72515K, committed 73792K, reserved 1179648K
  class space    used 7544K, committed 8064K, reserved 1048576K
}
Event: 10.937 GC heap after
{Heap after GC invocations=155 (full 6):
 PSYoungGen      total 9728K, used 992K [0x00000000eab00000, 0x00000000eb600000, 0x0000000100000000)
  eden space 8704K, 0% used [0x00000000eab00000,0x00000000eab00000,0x00000000eb380000)
  from space 1024K, 96% used [0x00000000eb500000,0x00000000eb5f8000,0x00000000eb600000)
  to   space 1024K, 0% used [0x00000000eb400000,0x00000000eb400000,0x00000000eb500000)
 ParOldGen       total 86528K, used 75605K [0x00000000c0000000, 0x00000000c5480000, 0x00000000eab00000)
  object space 86528K, 87% used [0x00000000c0000000,0x00000000c49d57b8,0x00000000c5480000)
 Metaspace       used 72515K, committed 73792K, reserved 1179648K
  class space    used 7544K, committed 8064K, reserved 1048576K
}
Event: 10.961 GC heap before
{Heap before GC invocations=156 (full 6):
 PSYoungGen      total 9728K, used 9696K [0x00000000eab00000, 0x00000000eb600000, 0x0000000100000000)
  eden space 8704K, 100% used [0x00000000eab00000,0x00000000eb380000,0x00000000eb380000)
  from space 1024K, 96% used [0x00000000eb500000,0x00000000eb5f8000,0x00000000eb600000)
  to   space 1024K, 0% used [0x00000000eb400000,0x00000000eb400000,0x00000000eb500000)
 ParOldGen       total 86528K, used 75605K [0x00000000c0000000, 0x00000000c5480000, 0x00000000eab00000)
  object space 86528K, 87% used [0x00000000c0000000,0x00000000c49d57b8,0x00000000c5480000)
 Metaspace       used 72583K, committed 73792K, reserved 1179648K
  class space    used 7546K, committed 8064K, reserved 1048576K
}
Event: 10.963 GC heap after
{Heap after GC invocations=156 (full 6):
 PSYoungGen      total 9728K, used 1016K [0x00000000eab00000, 0x00000000eb880000, 0x0000000100000000)
  eden space 8704K, 0% used [0x00000000eab00000,0x00000000eab00000,0x00000000eb380000)
  from space 1024K, 99% used [0x00000000eb400000,0x00000000eb4fe018,0x00000000eb500000)
  to   space 2560K, 0% used [0x00000000eb600000,0x00000000eb600000,0x00000000eb880000)
 ParOldGen       total 86528K, used 76693K [0x00000000c0000000, 0x00000000c5480000, 0x00000000eab00000)
  object space 86528K, 88% used [0x00000000c0000000,0x00000000c4ae57b8,0x00000000c5480000)
 Metaspace       used 72583K, committed 73792K, reserved 1179648K
  class space    used 7546K, committed 8064K, reserved 1048576K
}
Event: 10.980 GC heap before
{Heap before GC invocations=157 (full 6):
 PSYoungGen      total 9728K, used 9720K [0x00000000eab00000, 0x00000000eb880000, 0x0000000100000000)
  eden space 8704K, 100% used [0x00000000eab00000,0x00000000eb380000,0x00000000eb380000)
  from space 1024K, 99% used [0x00000000eb400000,0x00000000eb4fe018,0x00000000eb500000)
  to   space 2560K, 0% used [0x00000000eb600000,0x00000000eb600000,0x00000000eb880000)
 ParOldGen       total 86528K, used 76693K [0x00000000c0000000, 0x00000000c5480000, 0x00000000eab00000)
  object space 86528K, 88% used [0x00000000c0000000,0x00000000c4ae57b8,0x00000000c5480000)
 Metaspace       used 72671K, committed 73920K, reserved 1179648K
  class space    used 7549K, committed 8064K, reserved 1048576K
}
Event: 10.981 GC heap after
{Heap after GC invocations=157 (full 6):
 PSYoungGen      total 9728K, used 757K [0x00000000eab00000, 0x00000000eb700000, 0x0000000100000000)
  eden space 8704K, 0% used [0x00000000eab00000,0x00000000eab00000,0x00000000eb380000)
  from space 1024K, 73% used [0x00000000eb600000,0x00000000eb6bd4a8,0x00000000eb700000)
  to   space 1536K, 0% used [0x00000000eb400000,0x00000000eb400000,0x00000000eb580000)
 ParOldGen       total 86528K, used 77622K [0x00000000c0000000, 0x00000000c5480000, 0x00000000eab00000)
  object space 86528K, 89% used [0x00000000c0000000,0x00000000c4bcda68,0x00000000c5480000)
 Metaspace       used 72671K, committed 73920K, reserved 1179648K
  class space    used 7549K, committed 8064K, reserved 1048576K
}
Event: 11.009 GC heap before
{Heap before GC invocations=158 (full 6):
 PSYoungGen      total 9728K, used 9316K [0x00000000eab00000, 0x00000000eb700000, 0x0000000100000000)
  eden space 8704K, 98% used [0x00000000eab00000,0x00000000eb35bc78,0x00000000eb380000)
  from space 1024K, 73% used [0x00000000eb600000,0x00000000eb6bd4a8,0x00000000eb700000)
  to   space 1536K, 0% used [0x00000000eb400000,0x00000000eb400000,0x00000000eb580000)
 ParOldGen       total 86528K, used 77622K [0x00000000c0000000, 0x00000000c5480000, 0x00000000eab00000)
  object space 86528K, 89% used [0x00000000c0000000,0x00000000c4bcda68,0x00000000c5480000)
 Metaspace       used 72796K, committed 74048K, reserved 1179648K
  class space    used 7563K, committed 8064K, reserved 1048576K
}
Event: 11.011 GC heap after
{Heap after GC invocations=158 (full 6):
 PSYoungGen      total 10240K, used 896K [0x00000000eab00000, 0x00000000eb680000, 0x0000000100000000)
  eden space 8704K, 0% used [0x00000000eab00000,0x00000000eab00000,0x00000000eb380000)
  from space 1536K, 58% used [0x00000000eb400000,0x00000000eb4e0000,0x00000000eb580000)
  to   space 1024K, 0% used [0x00000000eb580000,0x00000000eb580000,0x00000000eb680000)
 ParOldGen       total 86528K, used 78236K [0x00000000c0000000, 0x00000000c5480000, 0x00000000eab00000)
  object space 86528K, 90% used [0x00000000c0000000,0x00000000c4c67370,0x00000000c5480000)
 Metaspace       used 72796K, committed 74048K, reserved 1179648K
  class space    used 7563K, committed 8064K, reserved 1048576K
}
Event: 11.037 GC heap before
{Heap before GC invocations=159 (full 6):
 PSYoungGen      total 10240K, used 9600K [0x00000000eab00000, 0x00000000eb680000, 0x0000000100000000)
  eden space 8704K, 100% used [0x00000000eab00000,0x00000000eb380000,0x00000000eb380000)
  from space 1536K, 58% used [0x00000000eb400000,0x00000000eb4e0000,0x00000000eb580000)
  to   space 1024K, 0% used [0x00000000eb580000,0x00000000eb580000,0x00000000eb680000)
 ParOldGen       total 86528K, used 78236K [0x00000000c0000000, 0x00000000c5480000, 0x00000000eab00000)
  object space 86528K, 90% used [0x00000000c0000000,0x00000000c4c67370,0x00000000c5480000)
 Metaspace       used 72882K, committed 74112K, reserved 1179648K
  class space    used 7569K, committed 8064K, reserved 1048576K
}
Event: 11.041 GC heap after
{Heap after GC invocations=159 (full 6):
 PSYoungGen      total 9728K, used 1015K [0x00000000eab00000, 0x00000000eb780000, 0x0000000100000000)
  eden space 8704K, 0% used [0x00000000eab00000,0x00000000eab00000,0x00000000eb380000)
  from space 1024K, 99% used [0x00000000eb580000,0x00000000eb67dd88,0x00000000eb680000)
  to   space 2048K, 0% used [0x00000000eb380000,0x00000000eb380000,0x00000000eb580000)
 ParOldGen       total 86528K, used 79064K [0x00000000c0000000, 0x00000000c5480000, 0x00000000eab00000)
  object space 86528K, 91% used [0x00000000c0000000,0x00000000c4d363e0,0x00000000c5480000)
 Metaspace       used 72882K, committed 74112K, reserved 1179648K
  class space    used 7569K, committed 8064K, reserved 1048576K
}
Event: 11.095 GC heap before
{Heap before GC invocations=160 (full 6):
 PSYoungGen      total 9728K, used 9719K [0x00000000eab00000, 0x00000000eb780000, 0x0000000100000000)
  eden space 8704K, 99% used [0x00000000eab00000,0x00000000eb37ffc8,0x00000000eb380000)
  from space 1024K, 99% used [0x00000000eb580000,0x00000000eb67dd88,0x00000000eb680000)
  to   space 2048K, 0% used [0x00000000eb380000,0x00000000eb380000,0x00000000eb580000)
 ParOldGen       total 86528K, used 79064K [0x00000000c0000000, 0x00000000c5480000, 0x00000000eab00000)
  object space 86528K, 91% used [0x00000000c0000000,0x00000000c4d363e0,0x00000000c5480000)
 Metaspace       used 73318K, committed 74560K, reserved 1179648K
  class space    used 7612K, committed 8128K, reserved 1048576K
}
Event: 11.097 GC heap after
{Heap after GC invocations=160 (full 6):
 PSYoungGen      total 9728K, used 768K [0x00000000eab00000, 0x00000000eb680000, 0x0000000100000000)
  eden space 8704K, 0% used [0x00000000eab00000,0x00000000eab00000,0x00000000eb380000)
  from space 1024K, 75% used [0x00000000eb380000,0x00000000eb440000,0x00000000eb480000)
  to   space 1536K, 0% used [0x00000000eb500000,0x00000000eb500000,0x00000000eb680000)
 ParOldGen       total 86528K, used 80058K [0x00000000c0000000, 0x00000000c5480000, 0x00000000eab00000)
  object space 86528K, 92% used [0x00000000c0000000,0x00000000c4e2e8f8,0x00000000c5480000)
 Metaspace       used 73318K, committed 74560K, reserved 1179648K
  class space    used 7612K, committed 8128K, reserved 1048576K
}
Event: 11.127 GC heap before
{Heap before GC invocations=161 (full 6):
 PSYoungGen      total 9728K, used 9472K [0x00000000eab00000, 0x00000000eb680000, 0x0000000100000000)
  eden space 8704K, 100% used [0x00000000eab00000,0x00000000eb380000,0x00000000eb380000)
  from space 1024K, 75% used [0x00000000eb380000,0x00000000eb440000,0x00000000eb480000)
  to   space 1536K, 0% used [0x00000000eb500000,0x00000000eb500000,0x00000000eb680000)
 ParOldGen       total 86528K, used 80058K [0x00000000c0000000, 0x00000000c5480000, 0x00000000eab00000)
  object space 86528K, 92% used [0x00000000c0000000,0x00000000c4e2e8f8,0x00000000c5480000)
 Metaspace       used 73493K, committed 74688K, reserved 1179648K
  class space    used 7626K, committed 8128K, reserved 1048576K
}
Event: 11.129 GC heap after
{Heap after GC invocations=161 (full 6):
 PSYoungGen      total 9728K, used 865K [0x00000000eab00000, 0x00000000eb600000, 0x0000000100000000)
  eden space 8704K, 0% used [0x00000000eab00000,0x00000000eab00000,0x00000000eb380000)
  from space 1024K, 84% used [0x00000000eb500000,0x00000000eb5d8780,0x00000000eb600000)
  to   space 1024K, 0% used [0x00000000eb380000,0x00000000eb380000,0x00000000eb480000)
 ParOldGen       total 86528K, used 80738K [0x00000000c0000000, 0x00000000c5480000, 0x00000000eab00000)
  object space 86528K, 93% used [0x00000000c0000000,0x00000000c4ed8b80,0x00000000c5480000)
 Metaspace       used 73493K, committed 74688K, reserved 1179648K
  class space    used 7626K, committed 8128K, reserved 1048576K
}
Event: 11.159 GC heap before
{Heap before GC invocations=162 (full 6):
 PSYoungGen      total 9728K, used 9569K [0x00000000eab00000, 0x00000000eb600000, 0x0000000100000000)
  eden space 8704K, 100% used [0x00000000eab00000,0x00000000eb380000,0x00000000eb380000)
  from space 1024K, 84% used [0x00000000eb500000,0x00000000eb5d8780,0x00000000eb600000)
  to   space 1024K, 0% used [0x00000000eb380000,0x00000000eb380000,0x00000000eb480000)
 ParOldGen       total 86528K, used 80738K [0x00000000c0000000, 0x00000000c5480000, 0x00000000eab00000)
  object space 86528K, 93% used [0x00000000c0000000,0x00000000c4ed8b80,0x00000000c5480000)
 Metaspace       used 73514K, committed 74688K, reserved 1179648K
  class space    used 7628K, committed 8128K, reserved 1048576K
}
Event: 11.161 GC heap after
{Heap after GC invocations=162 (full 6):
 PSYoungGen      total 9728K, used 656K [0x00000000eab00000, 0x00000000eb580000, 0x0000000100000000)
  eden space 8704K, 0% used [0x00000000eab00000,0x00000000eab00000,0x00000000eb380000)
  from space 1024K, 64% used [0x00000000eb380000,0x00000000eb4240d8,0x00000000eb480000)
  to   space 1024K, 0% used [0x00000000eb480000,0x00000000eb480000,0x00000000eb580000)
 ParOldGen       total 86528K, used 84850K [0x00000000c0000000, 0x00000000c5480000, 0x00000000eab00000)
  object space 86528K, 98% used [0x00000000c0000000,0x00000000c52dc9e8,0x00000000c5480000)
 Metaspace       used 73514K, committed 74688K, reserved 1179648K
  class space    used 7628K, committed 8128K, reserved 1048576K
}
Event: 11.161 GC heap before
{Heap before GC invocations=163 (full 7):
 PSYoungGen      total 9728K, used 656K [0x00000000eab00000, 0x00000000eb580000, 0x0000000100000000)
  eden space 8704K, 0% used [0x00000000eab00000,0x00000000eab00000,0x00000000eb380000)
  from space 1024K, 64% used [0x00000000eb380000,0x00000000eb4240d8,0x00000000eb480000)
  to   space 1024K, 0% used [0x00000000eb480000,0x00000000eb480000,0x00000000eb580000)
 ParOldGen       total 86528K, used 84850K [0x00000000c0000000, 0x00000000c5480000, 0x00000000eab00000)
  object space 86528K, 98% used [0x00000000c0000000,0x00000000c52dc9e8,0x00000000c5480000)
 Metaspace       used 73514K, committed 74688K, reserved 1179648K
  class space    used 7628K, committed 8128K, reserved 1048576K
}

